  snake_and_rabbit.cpp
C:\Program Files (x86)\Microsoft Visual Studio\2019\Community\VC\Tools\MSVC\14.23.28105\include\xstring(2355,23): warning C4244: аргумент: преобразование "wchar_t" в "const _Elem", возможна потеря данных
C:\Program Files (x86)\Microsoft Visual Studio\2019\Community\VC\Tools\MSVC\14.23.28105\include\xstring(2355,23): warning C4244:         with
C:\Program Files (x86)\Microsoft Visual Studio\2019\Community\VC\Tools\MSVC\14.23.28105\include\xstring(2355,23): warning C4244:         [
C:\Program Files (x86)\Microsoft Visual Studio\2019\Community\VC\Tools\MSVC\14.23.28105\include\xstring(2355,23): warning C4244:             _Elem=char
C:\Program Files (x86)\Microsoft Visual Studio\2019\Community\VC\Tools\MSVC\14.23.28105\include\xstring(2355,23): warning C4244:         ]
C:\Program Files (x86)\Microsoft Visual Studio\2019\Community\VC\Tools\MSVC\14.23.28105\include\xstring(2366): message : выполняется компиляция ссылки на экземпляр шаблон функции "void std::basic_string<char,std::char_traits<char>,std::allocator<char>>::_Construct<wchar_t*>(_Iter,const _Iter,std::input_iterator_tag)"
C:\Program Files (x86)\Microsoft Visual Studio\2019\Community\VC\Tools\MSVC\14.23.28105\include\xstring(2366): message :         with
C:\Program Files (x86)\Microsoft Visual Studio\2019\Community\VC\Tools\MSVC\14.23.28105\include\xstring(2366): message :         [
C:\Program Files (x86)\Microsoft Visual Studio\2019\Community\VC\Tools\MSVC\14.23.28105\include\xstring(2366): message :             _Iter=wchar_t *
C:\Program Files (x86)\Microsoft Visual Studio\2019\Community\VC\Tools\MSVC\14.23.28105\include\xstring(2366): message :         ]
C:\Program Files (x86)\Microsoft Visual Studio\2019\Community\VC\Tools\MSVC\14.23.28105\include\xstring(2366): message : выполняется компиляция ссылки на экземпляр шаблон функции "void std::basic_string<char,std::char_traits<char>,std::allocator<char>>::_Construct<wchar_t*>(_Iter,const _Iter,std::input_iterator_tag)"
C:\Program Files (x86)\Microsoft Visual Studio\2019\Community\VC\Tools\MSVC\14.23.28105\include\xstring(2366): message :         with
C:\Program Files (x86)\Microsoft Visual Studio\2019\Community\VC\Tools\MSVC\14.23.28105\include\xstring(2366): message :         [
C:\Program Files (x86)\Microsoft Visual Studio\2019\Community\VC\Tools\MSVC\14.23.28105\include\xstring(2366): message :             _Iter=wchar_t *
C:\Program Files (x86)\Microsoft Visual Studio\2019\Community\VC\Tools\MSVC\14.23.28105\include\xstring(2366): message :         ]
C:\Program Files (x86)\Microsoft Visual Studio\2019\Community\VC\Tools\MSVC\14.23.28105\include\xstring(2346): message : выполняется компиляция ссылки на экземпляр шаблон функции "void std::basic_string<char,std::char_traits<char>,std::allocator<char>>::_Construct<wchar_t*>(const _Iter,const _Iter,std::forward_iterator_tag)"
C:\Program Files (x86)\Microsoft Visual Studio\2019\Community\VC\Tools\MSVC\14.23.28105\include\xstring(2346): message :         with
C:\Program Files (x86)\Microsoft Visual Studio\2019\Community\VC\Tools\MSVC\14.23.28105\include\xstring(2346): message :         [
C:\Program Files (x86)\Microsoft Visual Studio\2019\Community\VC\Tools\MSVC\14.23.28105\include\xstring(2346): message :             _Iter=wchar_t *
C:\Program Files (x86)\Microsoft Visual Studio\2019\Community\VC\Tools\MSVC\14.23.28105\include\xstring(2346): message :         ]
C:\Program Files (x86)\Microsoft Visual Studio\2019\Community\VC\Tools\MSVC\14.23.28105\include\xstring(2346): message : выполняется компиляция ссылки на экземпляр шаблон функции "void std::basic_string<char,std::char_traits<char>,std::allocator<char>>::_Construct<wchar_t*>(const _Iter,const _Iter,std::forward_iterator_tag)"
C:\Program Files (x86)\Microsoft Visual Studio\2019\Community\VC\Tools\MSVC\14.23.28105\include\xstring(2346): message :         with
C:\Program Files (x86)\Microsoft Visual Studio\2019\Community\VC\Tools\MSVC\14.23.28105\include\xstring(2346): message :         [
C:\Program Files (x86)\Microsoft Visual Studio\2019\Community\VC\Tools\MSVC\14.23.28105\include\xstring(2346): message :             _Iter=wchar_t *
C:\Program Files (x86)\Microsoft Visual Studio\2019\Community\VC\Tools\MSVC\14.23.28105\include\xstring(2346): message :         ]
C:\Users\t.student\Desktop\Shachkov\snake_and_rabbit\snake_and_rabbit\snake_and_rabbit.cpp(338): message : выполняется компиляция ссылки на экземпляр шаблон функции "std::basic_string<char,std::char_traits<char>,std::allocator<char>>::basic_string<std::_String_iterator<std::_String_val<std::_Simple_types<_Elem>>>,void>(_Iter,_Iter,const _Alloc &)"
C:\Users\t.student\Desktop\Shachkov\snake_and_rabbit\snake_and_rabbit\snake_and_rabbit.cpp(338): message :         with
C:\Users\t.student\Desktop\Shachkov\snake_and_rabbit\snake_and_rabbit\snake_and_rabbit.cpp(338): message :         [
C:\Users\t.student\Desktop\Shachkov\snake_and_rabbit\snake_and_rabbit\snake_and_rabbit.cpp(338): message :             _Elem=wchar_t,
C:\Users\t.student\Desktop\Shachkov\snake_and_rabbit\snake_and_rabbit\snake_and_rabbit.cpp(338): message :             _Iter=std::_String_iterator<std::_String_val<std::_Simple_types<wchar_t>>>,
C:\Users\t.student\Desktop\Shachkov\snake_and_rabbit\snake_and_rabbit\snake_and_rabbit.cpp(338): message :             _Alloc=std::allocator<char>
C:\Users\t.student\Desktop\Shachkov\snake_and_rabbit\snake_and_rabbit\snake_and_rabbit.cpp(338): message :         ]
C:\Users\t.student\Desktop\Shachkov\snake_and_rabbit\snake_and_rabbit\snake_and_rabbit.cpp(338): message : выполняется компиляция ссылки на экземпляр шаблон функции "std::basic_string<char,std::char_traits<char>,std::allocator<char>>::basic_string<std::_String_iterator<std::_String_val<std::_Simple_types<_Elem>>>,void>(_Iter,_Iter,const _Alloc &)"
C:\Users\t.student\Desktop\Shachkov\snake_and_rabbit\snake_and_rabbit\snake_and_rabbit.cpp(338): message :         with
C:\Users\t.student\Desktop\Shachkov\snake_and_rabbit\snake_and_rabbit\snake_and_rabbit.cpp(338): message :         [
C:\Users\t.student\Desktop\Shachkov\snake_and_rabbit\snake_and_rabbit\snake_and_rabbit.cpp(338): message :             _Elem=wchar_t,
C:\Users\t.student\Desktop\Shachkov\snake_and_rabbit\snake_and_rabbit\snake_and_rabbit.cpp(338): message :             _Iter=std::_String_iterator<std::_String_val<std::_Simple_types<wchar_t>>>,
C:\Users\t.student\Desktop\Shachkov\snake_and_rabbit\snake_and_rabbit\snake_and_rabbit.cpp(338): message :             _Alloc=std::allocator<char>
C:\Users\t.student\Desktop\Shachkov\snake_and_rabbit\snake_and_rabbit\snake_and_rabbit.cpp(338): message :         ]
  snake_and_rabbit.vcxproj -> C:\Users\t.student\Desktop\Shachkov\snake_and_rabbit\Debug\snake_and_rabbit.exe
